<?xml version="1.0" encoding="UTF-8" ?>
<testsuite errors="0" failures="0" hostname="Lizzys-MacBook-Pro.local" name="com.flatironschool.javacs.WikiPhilosophyTest" skipped="0" tests="1" time="14.354" timestamp="2016-05-17T16:58:49">
  <properties>
[...]
</properties>
  <testcase classname="com.flatironschool.javacs.WikiPhilosophyTest" name="testMain" time="14.258" />
  <system-out><![CDATA[https://en.wikipedia.org/wiki/Java_(programming_language)
https://en.wikipedia.org/wiki/Programming_language
https://en.wikipedia.org/wiki/Formal_language
https://en.wikipedia.org/wiki/Mathematics
https://en.wikipedia.org/wiki/Ancient_Greek
https://en.wikipedia.org/wiki/Greek_language
https://en.wikipedia.org/wiki/Modern_Greek
https://en.wikipedia.org/wiki/Help:IPA_for_Greek
https://en.wikipedia.org/wiki/International_Phonetic_Alphabet
https://en.wikipedia.org/wiki/Alphabet
https://en.wikipedia.org/wiki/Letter_(alphabet)
https://en.wikipedia.org/wiki/Grapheme
https://en.wikipedia.org/wiki/Phoneme
https://en.wikipedia.org/wiki/Help:IPA_for_English
false
]]></system-out>
  <system-err><![CDATA[]]></system-err>
</testsuite>
